   1               		.file	"main.c"
   2               	__SREG__ = 0x3f
   3               	__SP_H__ = 0x3e
   4               	__SP_L__ = 0x3d
   5               	__CCP__  = 0x34
   6               	__tmp_reg__ = 0
   7               	__zero_reg__ = 1
  15               	.Ltext0:
  16               	.global	__vector_4
  18               	__vector_4:
  19               	.LFB3:
  20               	.LM1:
  21 0000 1F92      		push __zero_reg__
  22 0002 0F92      		push r0
  23 0004 0FB6      		in r0,__SREG__
  24 0006 0F92      		push r0
  25 0008 1124      		clr __zero_reg__
  26 000a 2F93      		push r18
  27 000c 3F93      		push r19
  28 000e 8F93      		push r24
  29 0010 9F93      		push r25
  30 0012 EF93      		push r30
  31 0014 FF93      		push r31
  32               	/* prologue: Signal */
  33               	/* frame size = 0 */
  34               	.LM2:
  35 0016 15BA      		out 53-32,__zero_reg__
  36               	.LM3:
  37 0018 C39A      		sbi 56-32,3
  38 001a 20E0      		ldi r18,lo8(0)
  39 001c 30E0      		ldi r19,hi8(0)
  40               	.LVL0:
  41               	.L2:
  42               	.LM4:
  43 001e E091 0000 		lds r30,current_layer
  44 0022 F0E0      		ldi r31,lo8(0)
  45 0024 83E0      		ldi r24,3
  46 0026 EE0F      	1:	lsl r30
  47 0028 FF1F      		rol r31
  48 002a 8A95      		dec r24
  49 002c 01F4      		brne 1b
  50 002e E20F      		add r30,r18
  51 0030 F31F      		adc r31,r19
  52 0032 E050      		subi r30,lo8(-(cube))
  53 0034 F040      		sbci r31,hi8(-(cube))
  54 0036 8081      		ld r24,Z
  55 0038 8BBB      		out 59-32,r24
  56               	.LM5:
  57 003a 98B3      		in r25,56-32
  58 003c 822F      		mov r24,r18
  59               	.LVL1:
  60 003e 8F5F      		subi r24,lo8(-(1))
  61 0040 8770      		andi r24,lo8(7)
  62 0042 987F      		andi r25,lo8(-8)
  63 0044 892B      		or r24,r25
  64 0046 88BB      		out 56-32,r24
  65               	.LM6:
  66 0048 2F5F      		subi r18,lo8(-(1))
  67 004a 3F4F      		sbci r19,hi8(-(1))
  68               	.LVL2:
  69 004c 2830      		cpi r18,8
  70 004e 3105      		cpc r19,__zero_reg__
  71 0050 01F4      		brne .L2
  72               	.LM7:
  73 0052 C398      		cbi 56-32,3
  74               	.LM8:
  75 0054 2091 0000 		lds r18,current_layer
  76               	.LVL3:
  77 0058 81E0      		ldi r24,lo8(1)
  78 005a 90E0      		ldi r25,hi8(1)
  79 005c 00C0      		rjmp 2f
  80 005e 880F      	1:	lsl r24
  81 0060 991F      		rol r25
  82 0062 2A95      	2:	dec r18
  83 0064 02F4      		brpl 1b
  84 0066 85BB      		out 53-32,r24
  85               	.LM9:
  86 0068 8091 0000 		lds r24,current_layer
  87 006c 8F5F      		subi r24,lo8(-(1))
  88 006e 8093 0000 		sts current_layer,r24
  89               	.LM10:
  90 0072 8091 0000 		lds r24,current_layer
  91 0076 8830      		cpi r24,lo8(8)
  92 0078 01F4      		brne .L4
  93               	.LM11:
  94 007a 1092 0000 		sts current_layer,__zero_reg__
  95               	.L4:
  96               	/* epilogue start */
  97               	.LM12:
  98 007e FF91      		pop r31
  99 0080 EF91      		pop r30
 100 0082 9F91      		pop r25
 101 0084 8F91      		pop r24
 102 0086 3F91      		pop r19
 103 0088 2F91      		pop r18
 104 008a 0F90      		pop r0
 105 008c 0FBE      		out __SREG__,r0
 106 008e 0F90      		pop r0
 107 0090 1F90      		pop __zero_reg__
 108 0092 1895      		reti
 109               	.LFE3:
 111               	.global	ioinit
 113               	ioinit:
 114               	.LFB4:
 115               	.LM13:
 116               	/* prologue: function */
 117               	/* frame size = 0 */
 118               	.LM14:
 119 0094 9FEF      		ldi r25,lo8(-1)
 120 0096 9ABB      		out 58-32,r25
 121               	.LM15:
 122 0098 8FEE      		ldi r24,lo8(-17)
 123 009a 87BB      		out 55-32,r24
 124               	.LM16:
 125 009c 94BB      		out 52-32,r25
 126               	.LM17:
 127 009e 8FED      		ldi r24,lo8(-33)
 128 00a0 81BB      		out 49-32,r24
 129               	.LM18:
 130 00a2 1BBA      		out 59-32,__zero_reg__
 131               	.LM19:
 132 00a4 15BA      		out 53-32,__zero_reg__
 133               	.LM20:
 134 00a6 80E1      		ldi r24,lo8(16)
 135 00a8 88BB      		out 56-32,r24
 136               	.LM21:
 137 00aa 80E2      		ldi r24,lo8(32)
 138 00ac 82BB      		out 50-32,r24
 139               	.LM22:
 140 00ae 8AE0      		ldi r24,lo8(10)
 141 00b0 83BD      		out 67-32,r24
 142               	.LM23:
 143 00b2 85B5      		in r24,69-32
 144 00b4 8560      		ori r24,lo8(5)
 145 00b6 85BD      		out 69-32,r24
 146               	.LM24:
 147 00b8 85B5      		in r24,69-32
 148 00ba 8860      		ori r24,lo8(8)
 149 00bc 85BD      		out 69-32,r24
 150               	.LM25:
 151 00be 14BC      		out 68-32,__zero_reg__
 152               	.LM26:
 153 00c0 89B7      		in r24,89-32
 154 00c2 8068      		ori r24,lo8(-128)
 155 00c4 89BF      		out 89-32,r24
 156               	.LM27:
 157 00c6 10BC      		out 64-32,__zero_reg__
 158               	.LM28:
 159 00c8 87E1      		ldi r24,lo8(23)
 160 00ca 89B9      		out 41-32,r24
 161               	.LM29:
 162 00cc 86E8      		ldi r24,lo8(-122)
 163 00ce 80BD      		out 64-32,r24
 164               	.LM30:
 165 00d0 88E1      		ldi r24,lo8(24)
 166 00d2 8AB9      		out 42-32,r24
 167               	.LM31:
 168 00d4 1CB8      		out 44-32,__zero_reg__
 169               	/* epilogue start */
 170               	.LM32:
 171 00d6 0895      		ret
 172               	.LFE4:
 174               	.global	rs232
 176               	rs232:
 177               	.LFB6:
 178               	.LM33:
 179 00d8 1F93      		push r17
 180               	/* prologue: function */
 181               	/* frame size = 0 */
 182               	.LM34:
 183 00da 40E0      		ldi r20,lo8(0)
 184 00dc 50E0      		ldi r21,hi8(0)
 185               	.LVL4:
 186 00de 20E0      		ldi r18,lo8(0)
 187 00e0 30E0      		ldi r19,hi8(0)
 188               	.LVL5:
 189               	.LM35:
 190 00e2 14E0      		ldi r17,lo8(4)
 191 00e4 00C0      		rjmp .L20
 192               	.LVL6:
 193               	.L13:
 194               	.LM36:
 195 00e6 40E0      		ldi r20,lo8(0)
 196 00e8 50E0      		ldi r21,hi8(0)
 197               	.L21:
 198 00ea 20E0      		ldi r18,lo8(0)
 199 00ec 30E0      		ldi r19,hi8(0)
 200               	.L20:
 201               	.LM37:
 202 00ee 82B3      		in r24,50-32
 203               	.LVL7:
 204 00f0 8127      		eor r24,r17
 205 00f2 82BB      		out 50-32,r24
 206               	.L10:
 207               	.LM38:
 208 00f4 5F9B      		sbis 43-32,7
 209 00f6 00C0      		rjmp .L10
 210               	.LM39:
 211 00f8 8CB1      		in r24,44-32
 212 00fa 90E0      		ldi r25,lo8(0)
 213               	.LVL8:
 214               	.LM40:
 215 00fc 8F3F      		cpi r24,255
 216 00fe 9105      		cpc r25,__zero_reg__
 217               	.LVL9:
 218 0100 01F4      		brne .L11
 219               	.L17:
 220               	.LM41:
 221 0102 5F9B      		sbis 43-32,7
 222 0104 00C0      		rjmp .L17
 223               	.LM42:
 224 0106 8CB1      		in r24,44-32
 225               	.LVL10:
 226 0108 90E0      		ldi r25,lo8(0)
 227               	.LVL11:
 228               	.LM43:
 229 010a 0097      		sbiw r24,0
 230               	.LVL12:
 231 010c 01F0      		breq .L13
 232               	.L11:
 233               	.LM44:
 234 010e FA01      		movw r30,r20
 235 0110 93E0      		ldi r25,3
 236 0112 EE0F      	1:	lsl r30
 237 0114 FF1F      		rol r31
 238 0116 9A95      		dec r25
 239 0118 01F4      		brne 1b
 240               	.LVL13:
 241 011a E20F      		add r30,r18
 242 011c F31F      		adc r31,r19
 243 011e E050      		subi r30,lo8(-(fb))
 244 0120 F040      		sbci r31,hi8(-(fb))
 245 0122 8083      		st Z,r24
 246               	.LM45:
 247 0124 2730      		cpi r18,7
 248 0126 3105      		cpc r19,__zero_reg__
 249 0128 01F4      		brne .L14
 250               	.LM46:
 251 012a 4730      		cpi r20,7
 252 012c 5105      		cpc r21,__zero_reg__
 253 012e 01F4      		brne .L15
 254               	.LM47:
 255 0130 0E94 0000 		call tmp2cube
 256               	.LVL14:
 257 0134 00C0      		rjmp .L13
 258               	.LVL15:
 259               	.L15:
 260               	.LM48:
 261 0136 4F5F      		subi r20,lo8(-(1))
 262 0138 5F4F      		sbci r21,hi8(-(1))
 263 013a 00C0      		rjmp .L21
 264               	.L14:
 265               	.LM49:
 266 013c 2F5F      		subi r18,lo8(-(1))
 267 013e 3F4F      		sbci r19,hi8(-(1))
 268 0140 00C0      		rjmp .L20
 269               	.LFE6:
 271               	.global	bootwait
 273               	bootwait:
 274               	.LFB5:
 275               	.LM50:
 276 0142 CF93      		push r28
 277 0144 DF93      		push r29
 278               	/* prologue: function */
 279               	/* frame size = 0 */
 280               	.LM51:
 281 0146 939A      		sbi 50-32,3
 282 0148 C0E0      		ldi r28,lo8(0)
 283 014a D0E0      		ldi r29,hi8(0)
 284               	.LVL16:
 285               	.L25:
 286               	.LM52:
 287 014c 2196      		adiw r28,1
 288               	.LM53:
 289 014e CE01      		movw r24,r28
 290 0150 0E94 0000 		call srand
 291               	.LM54:
 292 0154 88EE      		ldi r24,lo8(1000)
 293 0156 93E0      		ldi r25,hi8(1000)
 294 0158 0E94 0000 		call delay_ms
 295               	.LM55:
 296 015c 9398      		cbi 50-32,3
 297               	.LM56:
 298 015e 929A      		sbi 50-32,2
 299               	.LM57:
 300 0160 859B      		sbis 48-32,5
 301 0162 00C0      		rjmp .L23
 302               	.LM58:
 303 0164 B49B      		sbis 54-32,4
 304 0166 00C0      		rjmp .L24
 305               	.LM59:
 306 0168 88EE      		ldi r24,lo8(1000)
 307 016a 93E0      		ldi r25,hi8(1000)
 308 016c 0E94 0000 		call delay_ms
 309               	.LM60:
 310 0170 9298      		cbi 50-32,2
 311               	.LM61:
 312 0172 939A      		sbi 50-32,3
 313               	.LM62:
 314 0174 859B      		sbis 48-32,5
 315 0176 00C0      		rjmp .L23
 316               	.LM63:
 317 0178 B499      		sbic 54-32,4
 318 017a 00C0      		rjmp .L25
 319 017c 00C0      		rjmp .L24
 320               	.L23:
 321 017e 22E0      		ldi r18,lo8(2)
 322 0180 30E0      		ldi r19,hi8(2)
 323 0182 00C0      		rjmp .L26
 324               	.L24:
 325 0184 21E0      		ldi r18,lo8(1)
 326 0186 30E0      		ldi r19,hi8(1)
 327               	.L26:
 328               	.LM64:
 329 0188 C901      		movw r24,r18
 330               	/* epilogue start */
 331 018a DF91      		pop r29
 332 018c CF91      		pop r28
 333               	.LVL17:
 334 018e 0895      		ret
 335               	.LFE5:
 337               	.global	main
 339               	main:
 340               	.LFB2:
 341               	.LM65:
 342 0190 CF93      		push r28
 343 0192 DF93      		push r29
 344               	/* prologue: function */
 345               	/* frame size = 0 */
 346               	.LM66:
 347 0194 0E94 0000 		call ioinit
 348               	.LM67:
 349 0198 81E0      		ldi r24,lo8(1)
 350 019a 8093 0000 		sts current_layer,r24
 351               	.LM68:
 352 019e 0E94 0000 		call bootwait
 353               	.LM69:
 354               	/* #APP */
 355               	 ;  41 "main.c" 1
 356 01a2 7894      		sei
 357               	 ;  0 "" 2
 358               	.LM70:
 359               	/* #NOAPP */
 360 01a4 0297      		sbiw r24,2
 361 01a6 01F4      		brne .L29
 362               	.LM71:
 363 01a8 0E94 0000 		call rs232
 364               	.LVL18:
 365               	.L29:
 366 01ac C0E0      		ldi r28,lo8(0)
 367 01ae D0E0      		ldi r29,hi8(0)
 368               	.L34:
 369               	.LM72:
 370 01b0 CE01      		movw r24,r28
 371 01b2 0E94 0000 		call launch_effect
 372               	.LM73:
 373 01b6 2196      		adiw r28,1
 374 01b8 C631      		cpi r28,22
 375 01ba D105      		cpc r29,__zero_reg__
 376 01bc 04F4      		brge .L29
 377 01be 00C0      		rjmp .L34
 378               	.LFE2:
 380               		.comm cube,64,1
 381               		.comm fb,64,1
 382               		.comm current_layer,1,1
 383               		.comm pgm_mode,1,1
 440               	.Letext0:
DEFINED SYMBOLS
                            *ABS*:00000000 main.c
C:\DOCUME~1\ASUS\LOCALS~1\Temp/cch72rRG.s:2      *ABS*:0000003f __SREG__
C:\DOCUME~1\ASUS\LOCALS~1\Temp/cch72rRG.s:3      *ABS*:0000003e __SP_H__
C:\DOCUME~1\ASUS\LOCALS~1\Temp/cch72rRG.s:4      *ABS*:0000003d __SP_L__
C:\DOCUME~1\ASUS\LOCALS~1\Temp/cch72rRG.s:5      *ABS*:00000034 __CCP__
C:\DOCUME~1\ASUS\LOCALS~1\Temp/cch72rRG.s:6      *ABS*:00000000 __tmp_reg__
C:\DOCUME~1\ASUS\LOCALS~1\Temp/cch72rRG.s:7      *ABS*:00000001 __zero_reg__
C:\DOCUME~1\ASUS\LOCALS~1\Temp/cch72rRG.s:18     .text:00000000 __vector_4
                            *COM*:00000001 current_layer
                            *COM*:00000040 cube
C:\DOCUME~1\ASUS\LOCALS~1\Temp/cch72rRG.s:113    .text:00000094 ioinit
C:\DOCUME~1\ASUS\LOCALS~1\Temp/cch72rRG.s:176    .text:000000d8 rs232
                            *COM*:00000040 fb
C:\DOCUME~1\ASUS\LOCALS~1\Temp/cch72rRG.s:273    .text:00000142 bootwait
C:\DOCUME~1\ASUS\LOCALS~1\Temp/cch72rRG.s:339    .text:00000190 main
                            *COM*:00000001 pgm_mode

UNDEFINED SYMBOLS
tmp2cube
srand
delay_ms
launch_effect
__do_clear_bss
